patient2 newuser 2017/03/06 12:29 Rochester
admin newAdmin 2017/03/06 12:38 Rochester admin: duffy
admin newDoctor 2017/03/06 12:39 Rochester doctor: dogg
admin newDoctor 2017/03/06 12:40 Rochester doctor: iii
admin newDoctor 2017/03/06 12:41 Rochester doctor: i
admin newDoctor 2017/03/06 12:41 Rochester doctor: ii
admin newDoctor 2017/03/06 12:42 Rochester doctor: doggg
admin newNurse 2017/03/06 12:43 Rochester nurse: good
admin newDoctor 2017/03/06 12:43 Rochester doctor: gay
dah newuser 2017/03/06 12:46 Rochester
gayer newuser 2017/03/06 12:49 Rochester
su newuser 2017/03/06 12:50 Rochester
uuu newuser 2017/03/06 12:51 Rochester
bruhhh newuser 2017/03/06 12:51 Rochester
io newuser 2017/03/06 12:52 Rochester
qq newuser 2017/03/06 12:52 Rochester
bing newuser 2017/03/06 12:53 Rochester
admin newNurse 2017/03/06 12:57 Rochester nurse: josh
jane newuser 2017/03/06 13:21 Rochester
doc admit 2017/03/06 13:22 Rochester patient: patient2
doc discharge 2017/03/06 13:22 Rochester patient: patient2
duffy dashboardUpdate 2017/03/06 13:30 N/A
admin newDoctor 2017/03/06 13:55 Rochester doctor: swag
admin newNurse 2017/03/06 13:56 Rochester nurse: joi
admin newNurse 2017/03/06 13:57 Rochester nurse: so
so dashboardUpdate 2017/03/06 13:59 N/A
so admit 2017/03/06 14:05 Rochester patient: ddd
so admit 2017/03/06 14:05 Rochester patient: eeee
doc discharge 2017/03/06 14:06 Rochester patient: ddd
doc discharge 2017/03/06 14:06 Rochester patient: eeee
doc dashboardUpdate 2017/03/06 14:30 N/A
damn newuser 2017/03/06 14:45 hi
